db_list
adb_list
drop
pid=100,['100']
pid=100
drop out
db_list
adb_list
drop
pid=97,98,99,['97', '98', '99']
pid=97
db_list
adb_list
drop
pid=96,97,98,99,['96', '97', '98', '99']
pid=96
drop out
pid=97
drop out
pid=98
drop out
pid=99
drop out
db_list
adb_list
drop
pid=82,83,84,85,86,87,88,89,90,91,92,93,94,95,['82', '83', '84', '85', '86', '87', '88', '89', '90', '91', '92', '93', '94', '95']
pid=82
drop out
pid=83
drop out
pid=84
drop out
pid=85
drop out
pid=86
drop out
pid=87
drop out
pid=88
drop out
pid=89
drop out
pid=90
drop out
pid=91
drop out
pid=92
drop out
pid=93
drop out
pid=94
drop out
pid=95
drop out
db_list
adb_list
drop
pid=68,69,70,71,72,73,74,75,76,77,78,79,80,81,['68', '69', '70', '71', '72', '73', '74', '75', '76', '77', '78', '79', '80', '81']
pid=68
drop out
pid=69
drop out
pid=70
drop out
pid=71
drop out
pid=72
drop out
pid=73
drop out
pid=74
drop out
pid=75
drop out
pid=76
drop out
pid=77
drop out
pid=78
drop out
pid=79
drop out
pid=80
drop out
pid=81
drop out
db_list
adb_list
drop
pid=61,62,63,64,65,66,67,['61', '62', '63', '64', '65', '66', '67']
pid=61
drop out
pid=62
drop out
pid=63
drop out
pid=64
drop out
pid=65
drop out
pid=66
drop out
pid=67
drop out
db_list
adb_list
drop
pid=58,['58']
pid=58
drop out
db_list
adb_list
db_list
adb_list
db_list
adb_list
normal
anormal
db_list
adb_list
normal
anormal
drop
pid=59,60,61,62,63,64,65,66,67,68,['59', '60', '61', '62', '63', '64', '65', '66', '67', '68']
pid=59
drop out
pid=60
drop out
pid=61
drop out
pid=62
drop out
pid=63
drop out
pid=64
drop out
pid=65
drop out
pid=66
drop out
pid=67
drop out
pid=68
drop out
db_list
adb_list
db_list
adb_list
normal
anormal
db_list
adb_list
normal
anormal
db_list
adb_list
normal
anormal
db_list
adb_list
normal
anormal
db_list
adb_list
normal
anormal
db_list
adb_list
normal
anormal
db_list
adb_list
normal
anormal
db_list
adb_list
normal
anormal
db_list
adb_list
normal
anormal
db_list
adb_list
normal
anormal
db_list
adb_list
normal
anormal
db_list
adb_list
normal
anormal
db_list
adb_list
normal
anormal
db_list
adb_list
normal
anormal
db_list
adb_list
normal
anormal
db_list
adb_list
normal
anormal
db_list
adb_list
normal
anormal
db_list
adb_list
normal
anormal
db_list
adb_list
db_list
adb_list
db_list
adb_list
db_list
adb_list
db_list
adb_list
db_list
adb_list
db_list
adb_list
db_list
adb_list
db_list
adb_list
db_list
adb_list
